<?xml version="1.0" encoding="UTF-8"?>
<testsuite xmlns:xsi="http://www.w3.org/2001/XMLSchema-instance" xsi:noNamespaceSchemaLocation="https://maven.apache.org/surefire/maven-surefire-plugin/xsd/surefire-test-report.xsd" version="3.0.2" name="ma.ens.springdocker.SpringdockerApplicationTests" time="6.914" tests="1" errors="0" skipped="0" failures="0" flakes="0">
  <properties>
[...]
</properties>
  <testcase name="contextLoads" classname="ma.ens.springdocker.SpringdockerApplicationTests" time="0.78">
    <system-out><![CDATA[15:03:26.634 [main] INFO org.springframework.test.context.support.AnnotationConfigContextLoaderUtils -- Could not detect default configuration classes for test class [ma.ens.springdocker.SpringdockerApplicationTests]: SpringdockerApplicationTests does not declare any static, non-private, non-final, nested classes annotated with @Configuration.
15:03:26.844 [main] INFO org.springframework.boot.test.context.SpringBootTestContextBootstrapper -- Found @SpringBootConfiguration ma.ens.springdocker.SpringdockerApplication for test class ma.ens.springdocker.SpringdockerApplicationTests

  .   ____          _            __ _ _
 /\\ / ___'_ __ _ _(_)_ __  __ _ \ \ \ \
( ( )\___ | '_ | '_| | '_ \/ _` | \ \ \ \
 \\/  ___)| |_)| | | | | || (_| |  ) ) ) )
  '  |____| .__|_| |_|_| |_\__, | / / / /
 =========|_|==============|___/=/_/_/_/

 :: Spring Boot ::               (v3.5.12)

2026-03-29T15:03:27.623+01:00  INFO 6696 --- [springdocker] [           main] m.e.s.SpringdockerApplicationTests       : Starting SpringdockerApplicationTests using Java 25.0.1 with PID 6696 (started by HP in C:\Users\HP\Desktop\PROJETS ARCHETECTURES REPARTIS\springdocker)
2026-03-29T15:03:27.625+01:00  INFO 6696 --- [springdocker] [           main] m.e.s.SpringdockerApplicationTests       : No active profile set, falling back to 1 default profile: "default"
2026-03-29T15:03:28.640+01:00  INFO 6696 --- [springdocker] [           main] .s.d.r.c.RepositoryConfigurationDelegate : Bootstrapping Spring Data JPA repositories in DEFAULT mode.
2026-03-29T15:03:28.686+01:00  INFO 6696 --- [springdocker] [           main] .s.d.r.c.RepositoryConfigurationDelegate : Finished Spring Data repository scanning in 27 ms. Found 0 JPA repository interfaces.
2026-03-29T15:03:29.395+01:00  INFO 6696 --- [springdocker] [           main] o.hibernate.jpa.internal.util.LogHelper  : HHH000204: Processing PersistenceUnitInfo [name: default]
2026-03-29T15:03:29.534+01:00  INFO 6696 --- [springdocker] [           main] org.hibernate.Version                    : HHH000412: Hibernate ORM core version 6.6.44.Final
2026-03-29T15:03:29.621+01:00  INFO 6696 --- [springdocker] [           main] o.h.c.internal.RegionFactoryInitiator    : HHH000026: Second-level cache disabled
2026-03-29T15:03:30.265+01:00  INFO 6696 --- [springdocker] [           main] o.s.o.j.p.SpringPersistenceUnitInfo      : No LoadTimeWeaver setup: ignoring JPA class transformer
2026-03-29T15:03:30.328+01:00  INFO 6696 --- [springdocker] [           main] com.zaxxer.hikari.HikariDataSource       : HikariPool-1 - Starting...
2026-03-29T15:03:30.686+01:00  INFO 6696 --- [springdocker] [           main] com.zaxxer.hikari.pool.HikariPool        : HikariPool-1 - Added connection com.mysql.cj.jdbc.ConnectionImpl@643f6179
2026-03-29T15:03:30.689+01:00  INFO 6696 --- [springdocker] [           main] com.zaxxer.hikari.HikariDataSource       : HikariPool-1 - Start completed.
2026-03-29T15:03:30.800+01:00  WARN 6696 --- [springdocker] [           main] org.hibernate.dialect.Dialect            : HHH000511: The 5.5.5 version for [org.hibernate.dialect.MySQLDialect] is no longer supported, hence certain features may not work properly. The minimum supported version is 8.0.0. Check the community dialects project for available legacy versions.
2026-03-29T15:03:30.847+01:00  INFO 6696 --- [springdocker] [           main] org.hibernate.orm.connections.pooling    : HHH10001005: Database info:
	Database JDBC URL [Connecting through datasource 'HikariDataSource (HikariPool-1)']
	Database driver: undefined/unknown
	Database version: 5.5.5
	Autocommit mode: undefined/unknown
	Isolation level: undefined/unknown
	Minimum pool size: undefined/unknown
	Maximum pool size: undefined/unknown
2026-03-29T15:03:31.455+01:00  INFO 6696 --- [springdocker] [           main] o.h.e.t.j.p.i.JtaPlatformInitiator       : HHH000489: No JTA platform available (set 'hibernate.transaction.jta.platform' to enable JTA platform integration)
2026-03-29T15:03:31.465+01:00  INFO 6696 --- [springdocker] [           main] j.LocalContainerEntityManagerFactoryBean : Initialized JPA EntityManagerFactory for persistence unit 'default'
2026-03-29T15:03:31.671+01:00  WARN 6696 --- [springdocker] [           main] JpaBaseConfiguration$JpaWebConfiguration : spring.jpa.open-in-view is enabled by default. Therefore, database queries may be performed during view rendering. Explicitly configure spring.jpa.open-in-view to disable this warning
2026-03-29T15:03:32.340+01:00  INFO 6696 --- [springdocker] [           main] m.e.s.SpringdockerApplicationTests       : Started SpringdockerApplicationTests in 5.169 seconds (process running for 7.215)
]]></system-out>
    <system-err><![CDATA[Mockito is currently self-attaching to enable the inline-mock-maker. This will no longer work in future releases of the JDK. Please add Mockito as an agent to your build as described in Mockito's documentation: https://javadoc.io/doc/org.mockito/mockito-core/latest/org.mockito/org/mockito/Mockito.html#0.3
WARNING: A Java agent has been loaded dynamically (C:\Users\HP\.m2\repository\net\bytebuddy\byte-buddy-agent\1.17.8\byte-buddy-agent-1.17.8.jar)
WARNING: If a serviceability tool is in use, please run with -XX:+EnableDynamicAgentLoading to hide this warning
WARNING: If a serviceability tool is not in use, please run with -Djdk.instrument.traceUsage for more information
WARNING: Dynamic loading of agents will be disallowed by default in a future release
]]></system-err>
  </testcase>
</testsuite>